SF:/data/project/BadRules/AsyncVoid.cs
FN:2,System.Void AsyncVoid::Method()
FNDA:0,System.Void AsyncVoid::Method()
DA:3,0
DA:4,0
DA:5,0
DA:6,0
DA:7,0
DA:8,0
DA:9,0
DA:11,0
DA:12,0
FN:14,System.String AsyncVoid::RunThisAction(System.Action)
FNDA:0,System.String AsyncVoid::RunThisAction(System.Action)
DA:15,0
DA:16,0
DA:17,0
DA:18,0
LF:13
LH:0
BRF:0
BRH:0
FNF:2
FNH:0
end_of_record
SF:/data/project/BadRules/Cache.cs
FN:6,System.Int32 Cache::GetData(System.String,System.Func`2<System.String,System.Int32>)
FNDA:0,System.Int32 Cache::GetData(System.String,System.Func`2<System.String,System.Int32>)
DA:7,0
DA:8,0
DA:9,0
DA:10,0
DA:11,0
DA:13,0
DA:14,0
BRDA:8,20,0,0
BRDA:8,20,1,0
FN:3,System.Void Cache::.ctor()
FNDA:0,System.Void Cache::.ctor()
DA:4,0
FN:18,System.Void CacheTest::.ctor()
FNDA:0,System.Void CacheTest::.ctor()
DA:19,0
DA:20,0
DA:21,0
DA:22,0
DA:25,0
DA:26,0
LF:14
LH:0
BRF:2
BRH:0
FNF:3
FNH:0
end_of_record
SF:/data/project/BadRules/TypeCheckAndCast.cs
FN:2,System.Void TypeCheckAndCast::Test(System.Object)
FNDA:0,System.Void TypeCheckAndCast::Test(System.Object)
DA:3,0
DA:4,0
DA:5,0
DA:6,0
DA:8,0
DA:9,0
BRDA:4,12,0,0
BRDA:4,12,1,0
LF:6
LH:0
BRF:2
BRH:0
FNF:1
FNH:0
end_of_record
SF:/data/project/BadRules/Calculator.cs
FN:5,System.Int32 BadRulesProject.Calculator::Add(System.Int32,System.Int32)
FNDA:1,System.Int32 BadRulesProject.Calculator::Add(System.Int32,System.Int32)
DA:6,1
DA:7,1
DA:8,1
FN:10,System.Int32 BadRulesProject.Calculator::Add2(System.Int32,System.Int32)
FNDA:1,System.Int32 BadRulesProject.Calculator::Add2(System.Int32,System.Int32)
DA:11,1
DA:12,1
DA:13,1
FN:15,System.Int32 BadRulesProject.Calculator::Divide(System.Int32,System.Int32)
FNDA:3,System.Int32 BadRulesProject.Calculator::Divide(System.Int32,System.Int32)
DA:16,3
DA:17,3
DA:18,0
DA:20,3
DA:21,3
BRDA:17,7,0,0
BRDA:17,7,1,3
FN:23,System.Int32 BadRulesProject.Calculator::Divide2(System.Int32,System.Int32)
FNDA:4,System.Int32 BadRulesProject.Calculator::Divide2(System.Int32,System.Int32)
DA:24,4
DA:25,4
DA:26,0
DA:27,5
DA:28,3
DA:29,4
BRDA:25,7,0,0
BRDA:25,7,1,4
BRDA:27,26,0,1
BRDA:27,26,1,3
LF:17
LH:15
BRF:6
BRH:4
FNF:4
FNH:4
end_of_record
SF:/data/project/BadRules/Class1.cs
FN:3,System.Void BadRulesProject.Class1::Method()
FNDA:0,System.Void BadRulesProject.Class1::Method()
DA:4,0
DA:5,0
DA:6,0
DA:8,0
DA:9,0
DA:10,0
DA:11,0
DA:12,0
DA:14,0
DA:15,0
BRDA:8,151,1,0
BRDA:8,151,0,0
LF:10
LH:0
BRF:2
BRH:0
FNF:1
FNH:0
end_of_record
SF:/data/project/BadRules/MultiThreadedComponent.cs
FN:7,System.Void BadRulesProject.MultiThreadedComponent::PublicApi01()
FNDA:0,System.Void BadRulesProject.MultiThreadedComponent::PublicApi01()
DA:8,0
DA:9,0
DA:10,0
DA:11,0
DA:13,0
DA:14,0
FN:16,System.Void BadRulesProject.MultiThreadedComponent::PublicApi02()
FNDA:0,System.Void BadRulesProject.MultiThreadedComponent::PublicApi02()
DA:17,0
DA:18,0
DA:19,0
DA:21,0
DA:23,0
DA:24,0
FN:26,System.Void BadRulesProject.MultiThreadedComponent::HelperMethod02()
FNDA:0,System.Void BadRulesProject.MultiThreadedComponent::HelperMethod02()
DA:27,0
DA:35,0
DA:36,0
DA:38,0
DA:39,0
FN:3,System.Void BadRulesProject.MultiThreadedComponent::.ctor()
FNDA:0,System.Void BadRulesProject.MultiThreadedComponent::.ctor()
DA:4,0
DA:5,0
LF:19
LH:0
BRF:0
BRH:0
FNF:4
FNH:0
end_of_record